<?xml version="1.0" encoding="UTF-8"?>
<!-- Generated by org.testng.reporters.JUnitReportReporter -->
<testsuite hostname="DESKTOP-4KOB0MI" failures="0" tests="3" name="QATest" time="29.394" errors="0" timestamp="2022-09-27T14:52:19 EEST" skipped="0">
  <testcase classname="QATest" name="firstTest" time="3.912"/>
  <system-out/>
  <testcase classname="QATest" name="secondTest" time="4.293"/>
  <system-out/>
  <testcase classname="QATest" name="thirdTest" time="21.189"/>
  <system-out/>
</testsuite> <!-- QATest -->
